Flow report for fpganic
Thu Aug 07 21:51:05 2014
Quartus II Version 11.0 Build 208 07/03/2011 Service Pack 1 SJ Full Version


---------------------
; Table of Contents ;
---------------------
  1. Legal Notice
  2. Flow Summary
  3. Flow Settings
  4. Flow Non-Default Global Settings
  5. Flow Elapsed Time
  6. Flow OS Summary
  7. Flow Log



----------------
; Legal Notice ;
----------------
Copyright (C) 1991-2011 Altera Corporation
Your use of Altera Corporation's design tools, logic functions 
and other software and tools, and its AMPP partner logic 
functions, and any output files from any of the foregoing 
(including device programming or simulation files), and any 
associated documentation or information are expressly subject 
to the terms and conditions of the Altera Program License 
Subscription Agreement, Altera MegaCore Function License 
Agreement, or other applicable license agreement, including, 
without limitation, that your use is for the sole purpose of 
programming logic devices manufactured by Altera and sold by 
Altera or its authorized distributors.  Please refer to the 
applicable agreement for further details.



+--------------------------------------------------------------------------------+
; Flow Summary                                                                   ;
+-------------------------------+------------------------------------------------+
; Flow Status                   ; Successful - Thu Aug 07 21:51:05 2014          ;
; Quartus II Version            ; 11.0 Build 208 07/03/2011 SP 1 SJ Full Version ;
; Revision Name                 ; fpganic                                        ;
; Top-level Entity Name         ; fpganic                                        ;
; Family                        ; Stratix II                                     ;
; Device                        ; EP2S60F1020C5                                  ;
; Timing Models                 ; Final                                          ;
; Logic utilization             ; 11 %                                           ;
;     Combinational ALUTs       ; 2,407 / 48,352 ( 5 % )                         ;
;     Dedicated logic registers ; 3,351 / 48,352 ( 7 % )                         ;
; Total registers               ; 3351                                           ;
; Total pins                    ; 190 / 719 ( 26 % )                             ;
; Total virtual pins            ; 0                                              ;
; Total block memory bits       ; 436,320 / 2,544,192 ( 17 % )                   ;
; DSP block 9-bit elements      ; 0 / 288 ( 0 % )                                ;
; Total PLLs                    ; 0 / 12 ( 0 % )                                 ;
; Total DLLs                    ; 0 / 2 ( 0 % )                                  ;
+-------------------------------+------------------------------------------------+


+-----------------------------------------+
; Flow Settings                           ;
+-------------------+---------------------+
; Option            ; Setting             ;
+-------------------+---------------------+
; Start date & time ; 08/07/2014 21:49:55 ;
; Main task         ; Compilation         ;
; Revision Name     ; fpganic             ;
+-------------------+---------------------+


+------------------------------------------------------------------------------------------------------------------------+
; Flow Non-Default Global Settings                                                                                       ;
+-------------------------------------+---------------------------------------+---------------+-------------+------------+
; Assignment Name                     ; Value                                 ; Default Value ; Entity Name ; Section Id ;
+-------------------------------------+---------------------------------------+---------------+-------------+------------+
; COMPILER_SIGNATURE_ID               ; 22881751623315.140741939405720        ; --            ; --          ; --         ;
; MAX_CORE_JUNCTION_TEMP              ; 85                                    ; --            ; --          ; --         ;
; MIN_CORE_JUNCTION_TEMP              ; 0                                     ; --            ; --          ; --         ;
; PARTITION_COLOR                     ; 16764057                              ; --            ; --          ; Top        ;
; PARTITION_FITTER_PRESERVATION_LEVEL ; PLACEMENT_AND_ROUTING                 ; --            ; --          ; Top        ;
; PARTITION_NETLIST_TYPE              ; SOURCE                                ; --            ; --          ; Top        ;
; POWER_BOARD_THERMAL_MODEL           ; None (CONSERVATIVE)                   ; --            ; --          ; --         ;
; POWER_PRESET_COOLING_SOLUTION       ; 23 MM HEAT SINK WITH 200 LFPM AIRFLOW ; --            ; --          ; --         ;
+-------------------------------------+---------------------------------------+---------------+-------------+------------+


+-------------------------------------------------------------------------------------------------------------------------------+
; Flow Elapsed Time                                                                                                             ;
+---------------------------+--------------+-------------------------+---------------------+------------------------------------+
; Module Name               ; Elapsed Time ; Average Processors Used ; Peak Virtual Memory ; Total CPU Time (on all processors) ;
+---------------------------+--------------+-------------------------+---------------------+------------------------------------+
; Analysis & Synthesis      ; 00:00:19     ; 1.0                     ; 340 MB              ; 00:00:19                           ;
; Fitter                    ; 00:00:39     ; 1.5                     ; 683 MB              ; 00:00:46                           ;
; Assembler                 ; 00:00:05     ; 1.0                     ; 401 MB              ; 00:00:05                           ;
; TimeQuest Timing Analyzer ; 00:00:05     ; 1.0                     ; 375 MB              ; 00:00:08                           ;
; Total                     ; 00:01:08     ; --                      ; --                  ; 00:01:18                           ;
+---------------------------+--------------+-------------------------+---------------------+------------------------------------+


+----------------------------------------------------------------------------------------+
; Flow OS Summary                                                                        ;
+---------------------------+------------------+-----------+------------+----------------+
; Module Name               ; Machine Hostname ; OS Name   ; OS Version ; Processor type ;
+---------------------------+------------------+-----------+------------+----------------+
; Analysis & Synthesis      ; curious-PC       ; Windows 7 ; 6.1        ; i686           ;
; Fitter                    ; curious-PC       ; Windows 7 ; 6.1        ; i686           ;
; Assembler                 ; curious-PC       ; Windows 7 ; 6.1        ; i686           ;
; TimeQuest Timing Analyzer ; curious-PC       ; Windows 7 ; 6.1        ; i686           ;
+---------------------------+------------------+-----------+------------+----------------+


------------
; Flow Log ;
------------
quartus_map --read_settings_files=on --write_settings_files=off fpganic -c fpganic
quartus_fit --read_settings_files=off --write_settings_files=off fpganic -c fpganic
quartus_asm --read_settings_files=off --write_settings_files=off fpganic -c fpganic
quartus_sta fpganic -c fpganic



